Classic Timing Analyzer report for Alarmas
Fri Oct 20 23:37:43 2017
Quartus II Version 9.0 Build 235 06/17/2009 Service Pack 2 SJ Web Edition


---------------------
; Table of Contents ;
---------------------
  1. Legal Notice
  2. Timing Analyzer Summary
  3. Timing Analyzer Settings
  4. Parallel Compilation
  5. tpd
  6. Timing Analyzer Messages



----------------
; Legal Notice ;
----------------
Copyright (C) 1991-2009 Altera Corporation
Your use of Altera Corporation's design tools, logic functions 
and other software and tools, and its AMPP partner logic 
functions, and any output files from any of the foregoing 
(including device programming or simulation files), and any 
associated documentation or information are expressly subject 
to the terms and conditions of the Altera Program License 
Subscription Agreement, Altera MegaCore Function License 
Agreement, or other applicable license agreement, including, 
without limitation, that your use is for the sole purpose of 
programming logic devices manufactured by Altera and sold by 
Altera or its authorized distributors.  Please refer to the 
applicable agreement for further details.



+-------------------------------------------------------------------------------------------------------------------------+
; Timing Analyzer Summary                                                                                                 ;
+------------------------------+-------+---------------+-------------+------+------+------------+----------+--------------+
; Type                         ; Slack ; Required Time ; Actual Time ; From ; To   ; From Clock ; To Clock ; Failed Paths ;
+------------------------------+-------+---------------+-------------+------+------+------------+----------+--------------+
; Worst-case tpd               ; N/A   ; None          ; 10.395 ns   ; sm2  ; aenc ; --         ; --       ; 0            ;
; Total number of failed paths ;       ;               ;             ;      ;      ;            ;          ; 0            ;
+------------------------------+-------+---------------+-------------+------+------+------------+----------+--------------+


+--------------------------------------------------------------------------------------------------------------------+
; Timing Analyzer Settings                                                                                           ;
+---------------------------------------------------------------------+--------------------+------+----+-------------+
; Option                                                              ; Setting            ; From ; To ; Entity Name ;
+---------------------------------------------------------------------+--------------------+------+----+-------------+
; Device Name                                                         ; EP2C5T144C6        ;      ;    ;             ;
; Timing Models                                                       ; Final              ;      ;    ;             ;
; Default hold multicycle                                             ; Same as Multicycle ;      ;    ;             ;
; Cut paths between unrelated clock domains                           ; On                 ;      ;    ;             ;
; Cut off read during write signal paths                              ; On                 ;      ;    ;             ;
; Cut off feedback from I/O pins                                      ; On                 ;      ;    ;             ;
; Report Combined Fast/Slow Timing                                    ; Off                ;      ;    ;             ;
; Ignore Clock Settings                                               ; Off                ;      ;    ;             ;
; Analyze latches as synchronous elements                             ; On                 ;      ;    ;             ;
; Enable Recovery/Removal analysis                                    ; Off                ;      ;    ;             ;
; Enable Clock Latency                                                ; Off                ;      ;    ;             ;
; Use TimeQuest Timing Analyzer                                       ; Off                ;      ;    ;             ;
; Number of source nodes to report per destination node               ; 10                 ;      ;    ;             ;
; Number of destination nodes to report                               ; 10                 ;      ;    ;             ;
; Number of paths to report                                           ; 200                ;      ;    ;             ;
; Report Minimum Timing Checks                                        ; Off                ;      ;    ;             ;
; Use Fast Timing Models                                              ; Off                ;      ;    ;             ;
; Report IO Paths Separately                                          ; Off                ;      ;    ;             ;
; Perform Multicorner Analysis                                        ; On                 ;      ;    ;             ;
; Reports the worst-case path for each clock domain and analysis      ; Off                ;      ;    ;             ;
; Removes common clock path pessimism (CCPP) during slack computation ; Off                ;      ;    ;             ;
; Output I/O Timing Endpoint                                          ; Near End           ;      ;    ;             ;
+---------------------------------------------------------------------+--------------------+------+----+-------------+


Parallel compilation was disabled, but you have multiple processors available. Enable parallel compilation to reduce compilation time.
+-------------------------------------+
; Parallel Compilation                ;
+----------------------------+--------+
; Processors                 ; Number ;
+----------------------------+--------+
; Number detected on machine ; 2      ;
; Maximum allowed            ; 1      ;
+----------------------------+--------+


+-------------------------------------------------------------+
; tpd                                                         ;
+-------+-------------------+-----------------+-------+-------+
; Slack ; Required P2P Time ; Actual P2P Time ; From  ; To    ;
+-------+-------------------+-----------------+-------+-------+
; N/A   ; None              ; 10.395 ns       ; sm2   ; aenc  ;
; N/A   ; None              ; 10.106 ns       ; sm2   ; arob  ;
; N/A   ; None              ; 9.711 ns        ; shume ; aenc  ;
; N/A   ; None              ; 9.604 ns        ; shumo ; aenc  ;
; N/A   ; None              ; 9.266 ns        ; sco   ; aenc  ;
; N/A   ; None              ; 8.902 ns        ; shumo ; ainc  ;
; N/A   ; None              ; 8.513 ns        ; shume ; ahume ;
; N/A   ; None              ; 8.272 ns        ; sco   ; aco   ;
; N/A   ; None              ; 6.480 ns        ; iig   ; aenc  ;
; N/A   ; None              ; 6.369 ns        ; sifr  ; aenc  ;
; N/A   ; None              ; 6.191 ns        ; iig   ; arob  ;
; N/A   ; None              ; 6.148 ns        ; iar   ; aenc  ;
; N/A   ; None              ; 6.080 ns        ; sifr  ; arob  ;
; N/A   ; None              ; 6.017 ns        ; sm1   ; aenc  ;
; N/A   ; None              ; 5.859 ns        ; iar   ; arob  ;
; N/A   ; None              ; 5.728 ns        ; sm1   ; arob  ;
+-------+-------------------+-----------------+-------+-------+


+--------------------------+
; Timing Analyzer Messages ;
+--------------------------+
Info: *******************************************************************
Info: Running Quartus II Classic Timing Analyzer
    Info: Version 9.0 Build 235 06/17/2009 Service Pack 2 SJ Web Edition
    Info: Processing started: Fri Oct 20 23:37:42 2017
Info: Command: quartus_tan --read_settings_files=off --write_settings_files=off Alarmas -c Alarmas --timing_analysis_only
Info: Longest tpd from source pin "sm2" to destination pin "aenc" is 10.395 ns
    Info: 1: + IC(0.000 ns) + CELL(0.850 ns) = 0.850 ns; Loc. = PIN_139; Fanout = 1; PIN Node = 'sm2'
    Info: 2: + IC(5.248 ns) + CELL(0.437 ns) = 6.535 ns; Loc. = LCCOMB_X2_Y4_N2; Fanout = 2; COMB Node = 'arob~7'
    Info: 3: + IC(0.248 ns) + CELL(0.149 ns) = 6.932 ns; Loc. = LCCOMB_X2_Y4_N20; Fanout = 1; COMB Node = 'aenc~2'
    Info: 4: + IC(0.655 ns) + CELL(2.808 ns) = 10.395 ns; Loc. = PIN_41; Fanout = 0; PIN Node = 'aenc'
    Info: Total cell delay = 4.244 ns ( 40.83 % )
    Info: Total interconnect delay = 6.151 ns ( 59.17 % )
Info: Quartus II Classic Timing Analyzer was successful. 0 errors, 0 warnings
    Info: Peak virtual memory: 162 megabytes
    Info: Processing ended: Fri Oct 20 23:37:43 2017
    Info: Elapsed time: 00:00:01
    Info: Total CPU time (on all processors): 00:00:01


